<?xml version="1.0" encoding="UTF-8"?>
<!-- Generated by org.testng.reporters.JUnitReportReporter -->
<testsuite skipped="0" hostname="DESKTOP-JEFE1IF" name="com.actitime.testscript.demo1" tests="1" failures="0" timestamp="2023-03-27T16:43:53 GST" time="10.310" errors="0">
  <testcase name="createDemo1" time="10.310" classname="com.actitime.testscript.demo1"/>
  <system-out>
    <![CDATA[demo completed]]>
  </system-out>
</testsuite> <!-- com.actitime.testscript.demo1 -->
