<?xml version="1.0" encoding="UTF-8"?>
<!-- Generated by org.testng.reporters.JUnitReportReporter -->
<testsuite skipped="0" hostname="DESKTOP-JEFE1IF" name="com.actitime.testscript.CreateTask" tests="1" failures="0" timestamp="2023-04-14T21:57:57 GST" time="25.033" errors="0">
  <testcase name="testCreateTask" time="25.033" classname="com.actitime.testscript.CreateTask"/>
  <system-out/>
</testsuite> <!-- com.actitime.testscript.CreateTask -->
