<?xml version="1.0" encoding="UTF-8"?>
<!-- Generated by org.testng.reporters.JUnitReportReporter -->
<testsuite skipped="0" hostname="DESKTOP-JEFE1IF" name="com.actitime.testscript.CreateCustomer" tests="1" failures="0" timestamp="2023-04-14T21:57:57 GST" time="27.663" errors="0">
  <testcase name="testCreateCustomer" time="27.663" classname="com.actitime.testscript.CreateCustomer"/>
  <system-out>
    <![CDATA[here isVHDFC002]]>
  </system-out>
</testsuite> <!-- com.actitime.testscript.CreateCustomer -->
